<?xml version="1.0" encoding="UTF-8"?>
<!-- Generated by org.testng.reporters.JUnitXMLReporter -->
<testsuite hostname="LAPTOP-8HPLHVID" ignored="0" name="Test" tests="3" failures="1" timestamp="24 Jul 2020 22:11:39 GMT" time="25.308" errors="0">
  <testcase name="startBrowser" time="3.279" classname="org.web.automation.testcases.TC_001_Testcase1"/>
  <testcase name="startBrowser" time="2.604" classname="org.web.automation.testcases.TC_001_Testcase2"/>
  <testcase name="startBrowser" time="2.181" classname="org.web.automation.testcases.TC_001_Testcase3">
    <failure type="java.lang.AssertionError" message="expected [true] but found [false]">
      <![CDATA[java.lang.AssertionError: expected [true] but found [false]
at org.web.automation.testcases.TC_001_Testcase3.startBrowser(TC_001_Testcase3.java:31)
... Removed 29 stack frames]]>
    </failure>
  </testcase> <!-- startBrowser -->
</testsuite> <!-- Test -->
