<?xml version="1.0" encoding="UTF-8"?>
<testng-results skipped="0" failed="0" ignored="0" total="1" passed="1">
  <reporter-output>
  </reporter-output>
  <suite name="Default suite" duration-ms="4712" started-at="2020-07-22T22:04:36Z" finished-at="2020-07-22T22:04:40Z">
    <groups>
    </groups>
    <test name="Default test" duration-ms="4712" started-at="2020-07-22T22:04:36Z" finished-at="2020-07-22T22:04:40Z">
      <class name="org.web.automation.testcases.TC_001_Testcase1">
        <test-method status="PASS" signature="startBrowser()[pri:0, instance:org.web.automation.testcases.TC_001_Testcase1@4b9e13df]" name="startBrowser" duration-ms="4679" started-at="2020-07-22T22:04:36Z" finished-at="2020-07-22T22:04:40Z">
          <reporter-output>
          </reporter-output>
        </test-method> <!-- startBrowser -->
      </class> <!-- org.web.automation.testcases.TC_001_Testcase1 -->
    </test> <!-- Default test -->
  </suite> <!-- Default suite -->
</testng-results>
